[2021-05-12 11:27:16,120] {taskinstance.py:877} INFO - Dependencies all met for <TaskInstance: etl.removing_local_files 2021-05-12T13:00:00+00:00 [queued]>
[2021-05-12 11:27:16,124] {taskinstance.py:877} INFO - Dependencies all met for <TaskInstance: etl.removing_local_files 2021-05-12T13:00:00+00:00 [queued]>
[2021-05-12 11:27:16,124] {taskinstance.py:1068} INFO - 
--------------------------------------------------------------------------------
[2021-05-12 11:27:16,124] {taskinstance.py:1069} INFO - Starting attempt 1 of 1
[2021-05-12 11:27:16,124] {taskinstance.py:1070} INFO - 
--------------------------------------------------------------------------------
[2021-05-12 11:27:16,130] {taskinstance.py:1089} INFO - Executing <Task(BashOperator): removing_local_files> on 2021-05-12T13:00:00+00:00
[2021-05-12 11:27:16,133] {standard_task_runner.py:52} INFO - Started process 1428 to run task
[2021-05-12 11:27:16,139] {standard_task_runner.py:76} INFO - Running: ['airflow', 'tasks', 'run', 'etl', 'removing_local_files', '2021-05-12T13:00:00+00:00', '--job-id', '159', '--pool', 'default_pool', '--raw', '--subdir', 'DAGS_FOLDER/etl_dag.py', '--cfg-path', '/var/folders/_f/vg3x3jmj23bcz6s88l7v6fb40000gn/T/tmpofvnjpn4', '--error-file', '/var/folders/_f/vg3x3jmj23bcz6s88l7v6fb40000gn/T/tmpsayf6_4g']
[2021-05-12 11:27:16,141] {standard_task_runner.py:77} INFO - Job 159: Subtask removing_local_files
[2021-05-12 11:27:16,174] {logging_mixin.py:104} INFO - Running <TaskInstance: etl.removing_local_files 2021-05-12T13:00:00+00:00 [running]> on host 27.2.168.192.in-addr.arpa
[2021-05-12 11:27:16,188] {taskinstance.py:1482} ERROR - Task failed with exception
Traceback (most recent call last):
  File "/Library/Frameworks/Python.framework/Versions/3.7/lib/python3.7/site-packages/airflow/models/taskinstance.py", line 1138, in _run_raw_task
    self._prepare_and_execute_task_with_callbacks(context, task)
  File "/Library/Frameworks/Python.framework/Versions/3.7/lib/python3.7/site-packages/airflow/models/taskinstance.py", line 1275, in _prepare_and_execute_task_with_callbacks
    self.render_templates(context=context)
  File "/Library/Frameworks/Python.framework/Versions/3.7/lib/python3.7/site-packages/airflow/models/taskinstance.py", line 1779, in render_templates
    self.task.render_template_fields(context)
  File "/Library/Frameworks/Python.framework/Versions/3.7/lib/python3.7/site-packages/airflow/models/baseoperator.py", line 892, in render_template_fields
    self._do_render_template_fields(self, self.template_fields, context, jinja_env, set())
  File "/Library/Frameworks/Python.framework/Versions/3.7/lib/python3.7/site-packages/airflow/models/baseoperator.py", line 905, in _do_render_template_fields
    rendered_content = self.render_template(content, context, jinja_env, seen_oids)
  File "/Library/Frameworks/Python.framework/Versions/3.7/lib/python3.7/site-packages/airflow/models/baseoperator.py", line 940, in render_template
    return jinja_env.get_template(content).render(**context)
  File "/Library/Frameworks/Python.framework/Versions/3.7/lib/python3.7/site-packages/jinja2/environment.py", line 883, in get_template
    return self._load_template(name, self.make_globals(globals))
  File "/Library/Frameworks/Python.framework/Versions/3.7/lib/python3.7/site-packages/jinja2/environment.py", line 857, in _load_template
    template = self.loader.load(self, name, globals)
  File "/Library/Frameworks/Python.framework/Versions/3.7/lib/python3.7/site-packages/jinja2/loaders.py", line 115, in load
    source, filename, uptodate = self.get_source(environment, name)
  File "/Library/Frameworks/Python.framework/Versions/3.7/lib/python3.7/site-packages/jinja2/loaders.py", line 197, in get_source
    raise TemplateNotFound(template)
jinja2.exceptions.TemplateNotFound: ./delete_csvs.sh
[2021-05-12 11:27:16,191] {taskinstance.py:1532} INFO - Marking task as FAILED. dag_id=etl, task_id=removing_local_files, execution_date=20210512T130000, start_date=20210512T142716, end_date=20210512T142716
[2021-05-12 11:27:16,237] {local_task_job.py:146} INFO - Task exited with return code 1
